<?xml version="1.0" encoding="UTF-8"?>
<testsuite name="javafiles.domainfiles.CompanyTest" tests="10" skipped="0" failures="0" errors="0" timestamp="2025-04-30T23:14:52" hostname="PATRICK" time="0.056">
  <properties/>
  <testcase name="testGetDealershipCompleteInventory()" classname="javafiles.domainfiles.CompanyTest" time="0.022"/>
  <testcase name="testAddAndFindDealership()" classname="javafiles.domainfiles.CompanyTest" time="0.002"/>
  <testcase name="testIsDealershipRentingEnabled()" classname="javafiles.domainfiles.CompanyTest" time="0.002"/>
  <testcase name="testGetAllDealershipIds()" classname="javafiles.domainfiles.CompanyTest" time="0.004"/>
  <testcase name="testUpdateVehicleRental_throwsExceptionForSportsCar()" classname="javafiles.domainfiles.CompanyTest" time="0.007"/>
  <testcase name="testGetDealershipIndex()" classname="javafiles.domainfiles.CompanyTest" time="0.001"/>
  <testcase name="testDealershipVehicleTransfer_success()" classname="javafiles.domainfiles.CompanyTest" time="0.001"/>
  <testcase name="testRemoveVehicleFromDealership()" classname="javafiles.domainfiles.CompanyTest" time="0.001"/>
  <testcase name="testUpdateVehicleRental_enablesAndMoves()" classname="javafiles.domainfiles.CompanyTest" time="0.001"/>
  <testcase name="testDealershipVehicleTransfer_duplicateSenderException()" classname="javafiles.domainfiles.CompanyTest" time="0.002"/>
  <system-out><![CDATA[]]></system-out>
  <system-err><![CDATA[]]></system-err>
</testsuite>
