<?xml version="1.0" encoding="UTF-8"?>
<testsuite name="javafiles.dataaccessfiles.fileioimplements.XMLIOTest" tests="26" skipped="0" failures="0" errors="0" timestamp="2025-04-30T23:14:52" hostname="PATRICK" time="0.347">
  <properties/>
  <testcase name="readInventoryFullMap()" classname="javafiles.dataaccessfiles.fileioimplements.XMLIOTest" time="0.191"/>
  <testcase name="readInventoryTwoDealersRoots()" classname="javafiles.dataaccessfiles.fileioimplements.XMLIOTest" time="0.02"/>
  <testcase name="fileDNERead()" classname="javafiles.dataaccessfiles.fileioimplements.XMLIOTest" time="0.001"/>
  <testcase name="readInventoryMultipleMaps()" classname="javafiles.dataaccessfiles.fileioimplements.XMLIOTest" time="0.005"/>
  <testcase name="readInventoryVehicleOutSideDealership()" classname="javafiles.dataaccessfiles.fileioimplements.XMLIOTest" time="0.004"/>
  <testcase name="readInventoryTagsWithinTags()" classname="javafiles.dataaccessfiles.fileioimplements.XMLIOTest" time="0.009"/>
  <testcase name="readInventoryInvalidXML()" classname="javafiles.dataaccessfiles.fileioimplements.XMLIOTest" time="0.007"/>
  <testcase name="readInventoryWithSomeGibberishTagsAndAttributes()" classname="javafiles.dataaccessfiles.fileioimplements.XMLIOTest" time="0.005"/>
  <testcase name="fileDNEWrite()" classname="javafiles.dataaccessfiles.fileioimplements.XMLIOTest" time="0.001"/>
  <testcase name="writeInventoryThroughFileIOBuilder()" classname="javafiles.dataaccessfiles.fileioimplements.XMLIOTest" time="0.002"/>
  <testcase name="readInventoryAllAttributes()" classname="javafiles.dataaccessfiles.fileioimplements.XMLIOTest" time="0.005"/>
  <testcase name="readInventoryExtraWhitespace()" classname="javafiles.dataaccessfiles.fileioimplements.XMLIOTest" time="0.005"/>
  <testcase name="readInventoryMultipleDealers()" classname="javafiles.dataaccessfiles.fileioimplements.XMLIOTest" time="0.004"/>
  <testcase name="readInventoryNoOverallDealersRoot()" classname="javafiles.dataaccessfiles.fileioimplements.XMLIOTest" time="0.003"/>
  <testcase name="readInventoryAllTagsAndAttributes()" classname="javafiles.dataaccessfiles.fileioimplements.XMLIOTest" time="0.003"/>
  <testcase name="readInventoryBadNumber()" classname="javafiles.dataaccessfiles.fileioimplements.XMLIOTest" time="0.005"/>
  <testcase name="readInventoryNoVehicleTags()" classname="javafiles.dataaccessfiles.fileioimplements.XMLIOTest" time="0.021"/>
  <testcase name="readInventoryMinMap()" classname="javafiles.dataaccessfiles.fileioimplements.XMLIOTest" time="0.002"/>
  <testcase name="readInventoryNoDealerTags()" classname="javafiles.dataaccessfiles.fileioimplements.XMLIOTest" time="0.003"/>
  <testcase name="readInventoryDealerInDealerErrorAfterVehicle()" classname="javafiles.dataaccessfiles.fileioimplements.XMLIOTest" time="0.004"/>
  <testcase name="readInventoryVehicleWithinVehicle()" classname="javafiles.dataaccessfiles.fileioimplements.XMLIOTest" time="0.008"/>
  <testcase name="readInventoryAllTags()" classname="javafiles.dataaccessfiles.fileioimplements.XMLIOTest" time="0.004"/>
  <testcase name="readInventoryDealerInDealerDifferentID()" classname="javafiles.dataaccessfiles.fileioimplements.XMLIOTest" time="0.004"/>
  <testcase name="readInventoryMultipleDealerInsideDealer()" classname="javafiles.dataaccessfiles.fileioimplements.XMLIOTest" time="0.005"/>
  <testcase name="readInventoryDealerInDealerSameID()" classname="javafiles.dataaccessfiles.fileioimplements.XMLIOTest" time="0.003"/>
  <testcase name="readInventoryLowerCaseTags()" classname="javafiles.dataaccessfiles.fileioimplements.XMLIOTest" time="0.003"/>
  <system-out><![CDATA[Expected [fatal error] (from DocumentBuilder) for file ending in no_root_tag.xml
End expected [fatal error] for file ending in no_root_tag.xml.

Expected [fatal error] (from DocumentBuilder) for file ending in missing_data.xml
End expected [fatal error] for file ending in missing_data.xml.

Tested folder: \src\test\resources\xmlIOTests
]]></system-out>
  <system-err><![CDATA[[Fatal Error] test_no_root_tag.xml:17:2: The markup in the document following the root element must be well-formed.
[Fatal Error] test_missing_data.xml:16:11: The element type "Vehicle" must be terminated by the matching end-tag "</Vehicle>".
]]></system-err>
</testsuite>
