<?xml version="1.0" encoding="UTF-8"?>
<testsuite name="javafiles.KeyTest" tests="22" skipped="0" failures="0" errors="0" timestamp="2025-04-30T23:14:51" hostname="PATRICK" time="0.128">
  <properties/>
  <testcase name="putValidOtherObjectTest()" classname="javafiles.KeyTest" time="0.065"/>
  <testcase name="putValidLongTest()" classname="javafiles.KeyTest" time="0.001"/>
  <testcase name="putValidNullTest()" classname="javafiles.KeyTest" time="0.001"/>
  <testcase name="getValGoodMapBadValBool()" classname="javafiles.KeyTest" time="0.017"/>
  <testcase name="getValGoodMapBadValLong()" classname="javafiles.KeyTest" time="0.001"/>
  <testcase name="getValBadMapAllGoodVal()" classname="javafiles.KeyTest" time="0.002"/>
  <testcase name="getValGoodMapBadValStr()" classname="javafiles.KeyTest" time="0.002"/>
  <testcase name="getValBadMapBadValStr()" classname="javafiles.KeyTest" time="0.0"/>
  <testcase name="getValGoodMapGoodValStr()" classname="javafiles.KeyTest" time="0.002"/>
  <testcase name="getValBadMapGoodValBool()" classname="javafiles.KeyTest" time="0.002"/>
  <testcase name="getValBadMapGoodValLong()" classname="javafiles.KeyTest" time="0.0"/>
  <testcase name="putValidStringTest()" classname="javafiles.KeyTest" time="0.001"/>
  <testcase name="getValGoodMapGoodValBool()" classname="javafiles.KeyTest" time="0.001"/>
  <testcase name="getValGoodMapGoodValLong()" classname="javafiles.KeyTest" time="0.001"/>
  <testcase name="getValBadMapBadValBool()" classname="javafiles.KeyTest" time="0.002"/>
  <testcase name="getValBadMapBadValLong()" classname="javafiles.KeyTest" time="0.001"/>
  <testcase name="getValGoodMapAllBadVal()" classname="javafiles.KeyTest" time="0.001"/>
  <testcase name="getValBadMapAllBadVal()" classname="javafiles.KeyTest" time="0.001"/>
  <testcase name="getValBadMapGoodValStr()" classname="javafiles.KeyTest" time="0.001"/>
  <testcase name="putValidKeyTest()" classname="javafiles.KeyTest" time="0.001"/>
  <testcase name="putValidBooleanTest()" classname="javafiles.KeyTest" time="0.003"/>
  <testcase name="getValGoodMapAllGoodVal()" classname="javafiles.KeyTest" time="0.001"/>
  <system-out><![CDATA[]]></system-out>
  <system-err><![CDATA[]]></system-err>
</testsuite>
