<?xml version="1.0" encoding="UTF-8"?>
<testsuite name="javafiles.domainfiles.VehicleTest" tests="4" skipped="0" failures="0" errors="0" timestamp="2025-04-30T23:14:52" hostname="PATRICK" time="0.005">
  <properties/>
  <testcase name="testVehicleAttributes()" classname="javafiles.domainfiles.VehicleTest" time="0.0"/>
  <testcase name="testGetVehicleType()" classname="javafiles.domainfiles.VehicleTest" time="0.001"/>
  <testcase name="testVehicleIdUniqueness()" classname="javafiles.domainfiles.VehicleTest" time="0.001"/>
  <testcase name="testRentalStatusToggle()" classname="javafiles.domainfiles.VehicleTest" time="0.001"/>
  <system-out><![CDATA[]]></system-out>
  <system-err><![CDATA[]]></system-err>
</testsuite>
