<?xml version="1.0" encoding="UTF-8"?>
<testsuite name="javafiles.domainfiles.SportsCarRentalStrategyTest" tests="2" skipped="0" failures="0" errors="0" timestamp="2025-04-30T23:14:52" hostname="PATRICK" time="0.006">
  <properties/>
  <testcase name="testEnableRentalThrowsException()" classname="javafiles.domainfiles.SportsCarRentalStrategyTest" time="0.003"/>
  <testcase name="testDisableRentalThrowsException()" classname="javafiles.domainfiles.SportsCarRentalStrategyTest" time="0.002"/>
  <system-out><![CDATA[]]></system-out>
  <system-err><![CDATA[]]></system-err>
</testsuite>
