<?xml version="1.0" encoding="UTF-8"?>
<testsuite name="javafiles.domainfiles.VehicleCreatorTest" tests="6" skipped="0" failures="0" errors="0" timestamp="2025-04-30T23:14:52" hostname="PATRICK" time="0.02">
  <properties/>
  <testcase name="testCreateInvalidTypeThrowsException()" classname="javafiles.domainfiles.VehicleCreatorTest" time="0.002"/>
  <testcase name="testCreatePickup()" classname="javafiles.domainfiles.VehicleCreatorTest" time="0.006"/>
  <testcase name="testCreateSedan()" classname="javafiles.domainfiles.VehicleCreatorTest" time="0.001"/>
  <testcase name="testCreateSUV()" classname="javafiles.domainfiles.VehicleCreatorTest" time="0.001"/>
  <testcase name="testCreateSportsCar()" classname="javafiles.domainfiles.VehicleCreatorTest" time="0.0"/>
  <testcase name="testGetInstance()" classname="javafiles.domainfiles.VehicleCreatorTest" time="0.004"/>
  <system-out><![CDATA[]]></system-out>
  <system-err><![CDATA[]]></system-err>
</testsuite>
