<?xml version="1.0" encoding="UTF-8"?>
<testsuite name="javafiles.domainfiles.DealershipTest" tests="20" skipped="0" failures="0" errors="0" timestamp="2025-04-30T23:14:52" hostname="PATRICK" time="0.074">
  <properties/>
  <testcase name="testGetVehicleFromRentalInventoryNotFound()" classname="javafiles.domainfiles.DealershipTest" time="0.004"/>
  <testcase name="testToString()" classname="javafiles.domainfiles.DealershipTest" time="0.015"/>
  <testcase name="testManualVehicleAdd()" classname="javafiles.domainfiles.DealershipTest" time="0.011"/>
  <testcase name="testRemoveVehicle()" classname="javafiles.domainfiles.DealershipTest" time="0.001"/>
  <testcase name="testGetVehicleFromSalesInventoryNotFound()" classname="javafiles.domainfiles.DealershipTest" time="0.003"/>
  <testcase name="testSetRentingVehicles()" classname="javafiles.domainfiles.DealershipTest" time="0.001"/>
  <testcase name="testAddVehicleWhenNotAccepting()" classname="javafiles.domainfiles.DealershipTest" time="0.003"/>
  <testcase name="testGetTotalInventory()" classname="javafiles.domainfiles.DealershipTest" time="0.001"/>
  <testcase name="testGetVehicleFromSalesInventory()" classname="javafiles.domainfiles.DealershipTest" time="0.0"/>
  <testcase name="testAddDuplicateVehicle()" classname="javafiles.domainfiles.DealershipTest" time="0.002"/>
  <testcase name="testRemoveVehicleWhenEmpty()" classname="javafiles.domainfiles.DealershipTest" time="0.0"/>
  <testcase name="testGetVehicleFromRentalInventory()" classname="javafiles.domainfiles.DealershipTest" time="0.001"/>
  <testcase name="testAddVehicle()" classname="javafiles.domainfiles.DealershipTest" time="0.003"/>
  <testcase name="testRemoveNonExistentVehicle()" classname="javafiles.domainfiles.DealershipTest" time="0.001"/>
  <testcase name="testSetName()" classname="javafiles.domainfiles.DealershipTest" time="0.001"/>
  <testcase name="testDataToInventory()" classname="javafiles.domainfiles.DealershipTest" time="0.002"/>
  <testcase name="testGetDataMap()" classname="javafiles.domainfiles.DealershipTest" time="0.002"/>
  <testcase name="testAddMultipleVehicles()" classname="javafiles.domainfiles.DealershipTest" time="0.001"/>
  <testcase name="testsetStatusAcquiringVehicle()" classname="javafiles.domainfiles.DealershipTest" time="0.001"/>
  <testcase name="testConstructor()" classname="javafiles.domainfiles.DealershipTest" time="0.001"/>
  <system-out><![CDATA[]]></system-out>
  <system-err><![CDATA[]]></system-err>
</testsuite>
